Arguments: 
  C:\Program Files\nodejs\node.exe C:\Users\ramma\AppData\Roaming\npm\node_modules\yarn\bin\yarn.js init

PATH: 
  C:\WINDOWS\system32;C:\WINDOWS;C:\WINDOWS\System32\Wbem;C:\WINDOWS\System32\WindowsPowerShell\v1.0\;C:\WINDOWS\System32\OpenSSH\;C:\Program Files\dotnet\;C:\Program Files\nodejs\;C:\Program Files\PuTTY\;C:\Program Files\Git\cmd;C:\Users\ramma\AppData\Local\Programs\Python\Python39\Scripts\;C:\Users\ramma\AppData\Local\Programs\Python\Python39\;C:\Users\ramma\AppData\Local\Microsoft\WindowsApps;;C:\Users\ramma\AppData\Local\Programs\Microsoft VS Code\bin;C:\Users\ramma\AppData\Roaming\npm

Yarn version: 
  1.22.19

Node version: 
  16.16.0

Platform: 
  win32 x64

Trace: 
  SyntaxError: C:\Users\ramma\Documents\POC_OTPless\package.json: Unexpected token s in JSON at position 111
      at JSON.parse (<anonymous>)
      at C:\Users\ramma\AppData\Roaming\npm\node_modules\yarn\lib\cli.js:1629:59
      at Generator.next (<anonymous>)
      at step (C:\Users\ramma\AppData\Roaming\npm\node_modules\yarn\lib\cli.js:310:30)
      at C:\Users\ramma\AppData\Roaming\npm\node_modules\yarn\lib\cli.js:321:13

npm manifest: 
  {
    "name": "poc_otpless",
    "version": "1.0.0",
    "description": "",
    "main": "index.js",
    "scripts": {
      start :"nodemon index.js"
    },
    "keywords": [],
    "author": "",
    "license": "ISC",
    "dependencies": {
      "express": "^4.18.1",
      "nodemon": "^2.0.19",
      "xmlhttprequest": "^1.8.0"
    }
  }

yarn manifest: 
  No manifest

Lockfile: 
  No lockfile
